{"timestamp": "2025-06-21T19:09:00.906920", "level": "INFO", "message": "Ingestion job scheduled: daily at 09:00", "method": "", "path": "", "status_code": "", "response_time": "", "user_agent": "", "ip_address": ""}
{"timestamp": "2025-06-21T19:09:00.907035", "level": "INFO", "message": "Ingestion schedule updated: {'enabled': True, 'frequency': 'daily', 'time': '09:00', 'days': ['monday', 'tuesday', 'wednesday', 'thursday', 'friday']}", "method": "", "path": "", "status_code": "", "response_time": "", "user_agent": "", "ip_address": ""}
{"timestamp": "2025-06-21T19:09:00.908405", "level": "INFO", "message": "Posting job scheduled: weekly at 10:00", "method": "", "path": "", "status_code": "", "response_time": "", "user_agent": "", "ip_address": ""}
{"timestamp": "2025-06-21T19:09:00.908464", "level": "INFO", "message": "Posting schedule updated: {'enabled': True, 'frequency': 'weekly', 'time': '10:00', 'days': ['monday', 'tuesday']}", "method": "", "path": "", "status_code": "", "response_time": "", "user_agent": "", "ip_address": ""}
{"timestamp": "2025-06-21T19:09:00.909519", "level": "INFO", "message": "Running ingestion now...", "method": "", "path": "", "status_code": "", "response_time": "", "user_agent": "", "ip_address": ""}
{"timestamp": "2025-06-21T19:09:00.909601", "level": "INFO", "message": "Manual ingestion completed: {'message': 'Ingestion completed'}", "method": "", "path": "", "status_code": "", "response_time": "", "user_agent": "", "ip_address": ""}
{"timestamp": "2025-06-21T19:09:00.911212", "level": "INFO", "message": "Running posting now...", "method": "", "path": "", "status_code": "", "response_time": "", "user_agent": "", "ip_address": ""}
{"timestamp": "2025-06-21T19:09:00.911444", "level": "INFO", "message": "Manual posting completed: {'message': 'Posting completed'}", "method": "", "path": "", "status_code": "", "response_time": "", "user_agent": "", "ip_address": ""}
{"timestamp": "2025-06-21T19:09:00.913897", "level": "INFO", "message": "Scheduler started", "method": "", "path": "", "status_code": "", "response_time": "", "user_agent": "", "ip_address": ""}
{"timestamp": "2025-06-21T19:09:05.919461", "level": "INFO", "message": "Scheduler stopped", "method": "", "path": "", "status_code": "", "response_time": "", "user_agent": "", "ip_address": ""}
{"timestamp": "2025-06-21T19:09:47.935976", "level": "INFO", "message": "Scheduler started", "method": "", "path": "", "status_code": "", "response_time": "", "user_agent": "", "ip_address": ""}
{"timestamp": "2025-06-21T19:09:49.494341", "level": "INFO", "message": "Scheduler started", "method": "", "path": "", "status_code": "", "response_time": "", "user_agent": "", "ip_address": ""}
{"timestamp": "2025-06-21T19:21:19.128060", "level": "INFO", "message": "Database initialized successfully", "method": "", "path": "", "status_code": "", "response_time": "", "user_agent": "", "ip_address": ""}
{"timestamp": "2025-06-21T19:21:19.130988", "level": "INFO", "message": "Saved 161 articles to database", "method": "", "path": "", "status_code": "", "response_time": "", "user_agent": "", "ip_address": ""}
{"timestamp": "2025-06-21T19:21:19.131142", "level": "INFO", "message": "Migration completed. Old file backed up to news.json.backup", "method": "", "path": "", "status_code": "", "response_time": "", "user_agent": "", "ip_address": ""}
{"timestamp": "2025-06-21T19:21:19.131212", "level": "INFO", "message": "Database initialized successfully", "method": "", "path": "", "status_code": "", "response_time": "", "user_agent": "", "ip_address": ""}
{"timestamp": "2025-06-21T19:21:24.246223", "level": "INFO", "message": "Database initialized successfully", "method": "", "path": "", "status_code": "", "response_time": "", "user_agent": "", "ip_address": ""}
{"timestamp": "2025-06-21T19:21:24.246312", "level": "INFO", "message": "No JSON file to migrate from", "method": "", "path": "", "status_code": "", "response_time": "", "user_agent": "", "ip_address": ""}
{"timestamp": "2025-06-21T19:21:24.246369", "level": "INFO", "message": "Database initialized successfully", "method": "", "path": "", "status_code": "", "response_time": "", "user_agent": "", "ip_address": ""}
{"timestamp": "2025-06-21T19:21:56.260042", "level": "INFO", "message": "Database initialized successfully", "method": "", "path": "", "status_code": "", "response_time": "", "user_agent": "", "ip_address": ""}
{"timestamp": "2025-06-21T19:21:56.260689", "level": "INFO", "message": "No JSON file to migrate from", "method": "", "path": "", "status_code": "", "response_time": "", "user_agent": "", "ip_address": ""}
{"timestamp": "2025-06-21T19:21:56.260743", "level": "INFO", "message": "Database initialized successfully", "method": "", "path": "", "status_code": "", "response_time": "", "user_agent": "", "ip_address": ""}
{"timestamp": "2025-06-21T19:21:56.264898", "level": "INFO", "message": "Starting Loud Curator API...", "method": "", "path": "", "status_code": "", "response_time": "", "user_agent": "", "ip_address": ""}
{"timestamp": "2025-06-21T19:21:56.265051", "level": "INFO", "message": "Scheduler started", "method": "", "path": "", "status_code": "", "response_time": "", "user_agent": "", "ip_address": ""}
{"timestamp": "2025-06-21T19:21:56.265097", "level": "INFO", "message": "Scheduler started successfully", "method": "", "path": "", "status_code": "", "response_time": "", "user_agent": "", "ip_address": ""}
{"timestamp": "2025-06-21T19:21:56.265135", "level": "INFO", "message": "Loud Curator API started successfully", "method": "", "path": "", "status_code": "", "response_time": "", "user_agent": "", "ip_address": ""}
{"timestamp": "2025-06-21T19:22:08.433674", "level": "INFO", "message": "Shutting down Loud Curator API...", "method": "", "path": "", "status_code": "", "response_time": "", "user_agent": "", "ip_address": ""}
{"timestamp": "2025-06-21T19:22:13.440447", "level": "INFO", "message": "Scheduler stopped", "method": "", "path": "", "status_code": "", "response_time": "", "user_agent": "", "ip_address": ""}
{"timestamp": "2025-06-21T19:22:13.440561", "level": "INFO", "message": "Scheduler stopped", "method": "", "path": "", "status_code": "", "response_time": "", "user_agent": "", "ip_address": ""}
{"timestamp": "2025-06-21T19:22:13.440610", "level": "INFO", "message": "Loud Curator API shutdown complete", "method": "", "path": "", "status_code": "", "response_time": "", "user_agent": "", "ip_address": ""}
{"timestamp": "2025-06-21T19:22:13.879193", "level": "INFO", "message": "Database initialized successfully", "method": "", "path": "", "status_code": "", "response_time": "", "user_agent": "", "ip_address": ""}
{"timestamp": "2025-06-21T19:22:13.879553", "level": "INFO", "message": "No JSON file to migrate from", "method": "", "path": "", "status_code": "", "response_time": "", "user_agent": "", "ip_address": ""}
{"timestamp": "2025-06-21T19:22:13.879728", "level": "INFO", "message": "Database initialized successfully", "method": "", "path": "", "status_code": "", "response_time": "", "user_agent": "", "ip_address": ""}
{"timestamp": "2025-06-21T19:22:13.884946", "level": "INFO", "message": "Starting Loud Curator API...", "method": "", "path": "", "status_code": "", "response_time": "", "user_agent": "", "ip_address": ""}
{"timestamp": "2025-06-21T19:22:13.885251", "level": "INFO", "message": "Scheduler started", "method": "", "path": "", "status_code": "", "response_time": "", "user_agent": "", "ip_address": ""}
{"timestamp": "2025-06-21T19:22:13.885310", "level": "INFO", "message": "Scheduler started successfully", "method": "", "path": "", "status_code": "", "response_time": "", "user_agent": "", "ip_address": ""}
{"timestamp": "2025-06-21T19:22:13.885351", "level": "INFO", "message": "Loud Curator API started successfully", "method": "", "path": "", "status_code": "", "response_time": "", "user_agent": "", "ip_address": ""}
{"timestamp": "2025-06-21T19:22:13.890226", "level": "INFO", "message": "GET /news - Retrieved 161 articles in 0.00s", "method": "", "path": "", "status_code": "", "response_time": "", "user_agent": "", "ip_address": ""}
{"timestamp": "2025-06-21T19:22:13.897856", "level": "INFO", "message": "GET /news - Retrieved 161 articles in 0.00s", "method": "", "path": "", "status_code": "", "response_time": "", "user_agent": "", "ip_address": ""}
{"timestamp": "2025-06-21T19:22:18.651937", "level": "INFO", "message": "Shutting down Loud Curator API...", "method": "", "path": "", "status_code": "", "response_time": "", "user_agent": "", "ip_address": ""}
{"timestamp": "2025-06-21T19:22:23.660552", "level": "INFO", "message": "Scheduler stopped", "method": "", "path": "", "status_code": "", "response_time": "", "user_agent": "", "ip_address": ""}
{"timestamp": "2025-06-21T19:22:23.661210", "level": "INFO", "message": "Scheduler stopped", "method": "", "path": "", "status_code": "", "response_time": "", "user_agent": "", "ip_address": ""}
{"timestamp": "2025-06-21T19:22:23.661429", "level": "INFO", "message": "Loud Curator API shutdown complete", "method": "", "path": "", "status_code": "", "response_time": "", "user_agent": "", "ip_address": ""}
{"timestamp": "2025-06-21T19:22:24.031802", "level": "INFO", "message": "Database initialized successfully", "method": "", "path": "", "status_code": "", "response_time": "", "user_agent": "", "ip_address": ""}
{"timestamp": "2025-06-21T19:22:24.031883", "level": "INFO", "message": "No JSON file to migrate from", "method": "", "path": "", "status_code": "", "response_time": "", "user_agent": "", "ip_address": ""}
{"timestamp": "2025-06-21T19:22:24.031937", "level": "INFO", "message": "Database initialized successfully", "method": "", "path": "", "status_code": "", "response_time": "", "user_agent": "", "ip_address": ""}
{"timestamp": "2025-06-21T19:22:24.035914", "level": "INFO", "message": "Starting Loud Curator API...", "method": "", "path": "", "status_code": "", "response_time": "", "user_agent": "", "ip_address": ""}
{"timestamp": "2025-06-21T19:22:24.036041", "level": "INFO", "message": "Scheduler started", "method": "", "path": "", "status_code": "", "response_time": "", "user_agent": "", "ip_address": ""}
{"timestamp": "2025-06-21T19:22:24.036083", "level": "INFO", "message": "Scheduler started successfully", "method": "", "path": "", "status_code": "", "response_time": "", "user_agent": "", "ip_address": ""}
{"timestamp": "2025-06-21T19:22:24.036121", "level": "INFO", "message": "Loud Curator API started successfully", "method": "", "path": "", "status_code": "", "response_time": "", "user_agent": "", "ip_address": ""}
{"timestamp": "2025-06-21T19:23:06.187331", "level": "INFO", "message": "GET /news - Retrieved 161 articles in 0.00s", "method": "", "path": "", "status_code": "", "response_time": "", "user_agent": "", "ip_address": ""}
{"timestamp": "2025-06-21T19:23:06.204908", "level": "INFO", "message": "GET /news - Retrieved 161 articles in 0.00s", "method": "", "path": "", "status_code": "", "response_time": "", "user_agent": "", "ip_address": ""}
{"timestamp": "2025-06-21T19:23:09.978313", "level": "INFO", "message": "GET /news - Retrieved 161 articles in 0.00s", "method": "", "path": "", "status_code": "", "response_time": "", "user_agent": "", "ip_address": ""}
{"timestamp": "2025-06-21T19:23:09.987523", "level": "INFO", "message": "GET /news - Retrieved 161 articles in 0.00s", "method": "", "path": "", "status_code": "", "response_time": "", "user_agent": "", "ip_address": ""}
{"timestamp": "2025-06-21T19:23:15.323134", "level": "INFO", "message": "GET /news - Retrieved 161 articles in 0.01s", "method": "", "path": "", "status_code": "", "response_time": "", "user_agent": "", "ip_address": ""}
{"timestamp": "2025-06-21T19:23:15.338629", "level": "INFO", "message": "GET /news - Retrieved 161 articles in 0.00s", "method": "", "path": "", "status_code": "", "response_time": "", "user_agent": "", "ip_address": ""}
{"timestamp": "2025-06-21T19:23:20.543673", "level": "INFO", "message": "GET /news - Retrieved 161 articles in 0.00s", "method": "", "path": "", "status_code": "", "response_time": "", "user_agent": "", "ip_address": ""}
{"timestamp": "2025-06-21T19:23:20.553329", "level": "INFO", "message": "GET /news - Retrieved 161 articles in 0.00s", "method": "", "path": "", "status_code": "", "response_time": "", "user_agent": "", "ip_address": ""}
{"timestamp": "2025-06-21T19:23:21.048058", "level": "INFO", "message": "GET /news - Retrieved 161 articles in 0.00s", "method": "", "path": "", "status_code": "", "response_time": "", "user_agent": "", "ip_address": ""}
{"timestamp": "2025-06-21T19:23:21.061757", "level": "INFO", "message": "GET /news - Retrieved 161 articles in 0.00s", "method": "", "path": "", "status_code": "", "response_time": "", "user_agent": "", "ip_address": ""}
{"timestamp": "2025-06-21T19:23:22.050965", "level": "INFO", "message": "GET /news - Retrieved 161 articles in 0.00s", "method": "", "path": "", "status_code": "", "response_time": "", "user_agent": "", "ip_address": ""}
{"timestamp": "2025-06-21T19:23:22.066743", "level": "INFO", "message": "GET /news - Retrieved 161 articles in 0.00s", "method": "", "path": "", "status_code": "", "response_time": "", "user_agent": "", "ip_address": ""}
{"timestamp": "2025-06-21T19:23:27.074740", "level": "INFO", "message": "GET /news - Retrieved 161 articles in 0.01s", "method": "", "path": "", "status_code": "", "response_time": "", "user_agent": "", "ip_address": ""}
{"timestamp": "2025-06-21T19:23:27.094244", "level": "INFO", "message": "GET /news - Retrieved 161 articles in 0.00s", "method": "", "path": "", "status_code": "", "response_time": "", "user_agent": "", "ip_address": ""}
{"timestamp": "2025-06-21T19:25:23.036630", "level": "INFO", "message": "Shutting down Loud Curator API...", "method": "", "path": "", "status_code": "", "response_time": "", "user_agent": "", "ip_address": ""}
{"timestamp": "2025-06-21T19:25:24.046059", "level": "INFO", "message": "Scheduler stopped", "method": "", "path": "", "status_code": "", "response_time": "", "user_agent": "", "ip_address": ""}
{"timestamp": "2025-06-21T19:25:24.046225", "level": "INFO", "message": "Scheduler stopped", "method": "", "path": "", "status_code": "", "response_time": "", "user_agent": "", "ip_address": ""}
{"timestamp": "2025-06-21T19:25:24.046309", "level": "INFO", "message": "Loud Curator API shutdown complete", "method": "", "path": "", "status_code": "", "response_time": "", "user_agent": "", "ip_address": ""}
{"timestamp": "2025-06-21T19:26:13.411529", "level": "INFO", "message": "Database initialized successfully", "method": "", "path": "", "status_code": "", "response_time": "", "user_agent": "", "ip_address": ""}
{"timestamp": "2025-06-21T19:26:13.411927", "level": "INFO", "message": "No JSON file to migrate from", "method": "", "path": "", "status_code": "", "response_time": "", "user_agent": "", "ip_address": ""}
{"timestamp": "2025-06-21T19:26:13.412008", "level": "INFO", "message": "Database initialized successfully", "method": "", "path": "", "status_code": "", "response_time": "", "user_agent": "", "ip_address": ""}
{"timestamp": "2025-06-21T19:26:13.417562", "level": "INFO", "message": "Starting Loud Curator API...", "method": "", "path": "", "status_code": "", "response_time": "", "user_agent": "", "ip_address": ""}
{"timestamp": "2025-06-21T19:26:13.417816", "level": "INFO", "message": "Scheduler started", "method": "", "path": "", "status_code": "", "response_time": "", "user_agent": "", "ip_address": ""}
{"timestamp": "2025-06-21T19:26:13.417872", "level": "INFO", "message": "Scheduler started successfully", "method": "", "path": "", "status_code": "", "response_time": "", "user_agent": "", "ip_address": ""}
{"timestamp": "2025-06-21T19:26:13.417916", "level": "INFO", "message": "Loud Curator API started successfully", "method": "", "path": "", "status_code": "", "response_time": "", "user_agent": "", "ip_address": ""}
{"timestamp": "2025-06-21T19:26:29.632342", "level": "INFO", "message": "Shutting down Loud Curator API...", "method": "", "path": "", "status_code": "", "response_time": "", "user_agent": "", "ip_address": ""}
{"timestamp": "2025-06-21T19:26:34.636009", "level": "INFO", "message": "Scheduler stopped", "method": "", "path": "", "status_code": "", "response_time": "", "user_agent": "", "ip_address": ""}
{"timestamp": "2025-06-21T19:26:34.636314", "level": "INFO", "message": "Scheduler stopped", "method": "", "path": "", "status_code": "", "response_time": "", "user_agent": "", "ip_address": ""}
{"timestamp": "2025-06-21T19:26:34.636474", "level": "INFO", "message": "Loud Curator API shutdown complete", "method": "", "path": "", "status_code": "", "response_time": "", "user_agent": "", "ip_address": ""}
